<?xml version="1.0" encoding="UTF-8"?>
<!-- Generated by org.testng.reporters.JUnitXMLReporter -->
<testsuite hostname="DESKTOP-1JFAMJF" ignored="0" name="MyTest" tests="4" failures="0" timestamp="2021-06-27T12:33:02 IST" time="70.223" errors="0">
  <testcase name="startTheGear" time="0.018" classname="testpack.PrioritiseTestcases"/>
  <testcase name="bingOpen" time="30.352" classname="parallelpack.ParallelExecutionDemo"/>
  <testcase name="googleOpen" time="35.769" classname="parallelpack.ParallelExecutionDemo"/>
  <testcase name="yahooOpen" time="69.922" classname="parallelpack.ParallelExecutionDemo"/>
</testsuite> <!-- MyTest -->
